[1.063s] Invoking command in '/home/mlabszw/autoware_with_caret/src/universe/autoware.universe/build/component_interface_specs': CMAKE_PREFIX_PATH=${CMAKE_PREFIX_PATH}:/home/mlabszw/ros2_caret_ws/install/tracetools_test:/home/mlabszw/ros2_caret_ws/install/tracetools_launch:/home/mlabszw/ros2_caret_ws/install/ros2trace:/home/mlabszw/ros2_caret_ws/install/ros2caret:/home/mlabszw/ros2_caret_ws/install/tracetools_trace:/home/mlabszw/ros2_caret_ws/install/tracetools_read:/home/mlabszw/ros2_caret_ws/install/test_tracetools_launch:/home/mlabszw/ros2_caret_ws/install/caret_analyze:/opt/ros/humble /usr/bin/cmake /home/mlabszw/autoware_with_caret/src/universe/autoware.universe/common/component_interface_specs -DCMAKE_BUILD_TYPE=Release -DBUILD_TESTING=Off -DCMAKE_CXX_FLAGS=-w -DAMENT_CMAKE_SYMLINK_INSTALL=1 -DCMAKE_INSTALL_PREFIX=/home/mlabszw/autoware_with_caret/src/universe/autoware.universe/install/component_interface_specs
[1.634s] -- The C compiler identification is GNU 11.4.0
[1.905s] -- The CXX compiler identification is GNU 11.4.0
[1.931s] -- Detecting C compiler ABI info
[2.177s] -- Detecting C compiler ABI info - done
[2.189s] -- Check for working C compiler: /usr/bin/cc - skipped
[2.190s] -- Detecting C compile features
[2.206s] -- Detecting C compile features - done
[2.211s] -- Detecting CXX compiler ABI info
[2.321s] -- Detecting CXX compiler ABI info - done
[2.334s] -- Check for working CXX compiler: /usr/bin/c++ - skipped
[2.335s] -- Detecting CXX compile features
[2.337s] -- Detecting CXX compile features - done
[2.477s] [31mCMake Error at CMakeLists.txt:4 (find_package):
[2.477s]   By not providing "Findautoware_cmake.cmake" in CMAKE_MODULE_PATH this
[2.477s]   project has asked CMake to find a package configuration file provided by
[2.477s]   "autoware_cmake", but CMake did not find one.
[2.477s] 
[2.477s]   Could not find a package configuration file provided by "autoware_cmake"
[2.477s]   with any of the following names:
[2.477s] 
[2.477s]     autoware_cmakeConfig.cmake
[2.477s]     autoware_cmake-config.cmake
[2.477s] 
[2.477s]   Add the installation prefix of "autoware_cmake" to CMAKE_PREFIX_PATH or set
[2.478s]   "autoware_cmake_DIR" to a directory containing one of the above files.  If
[2.478s]   "autoware_cmake" provides a separate development package or SDK, be sure it
[2.478s]   has been installed.
[2.478s] 
[2.478s] [0m
[2.481s] -- Configuring incomplete, errors occurred!
[2.482s] See also "/home/mlabszw/autoware_with_caret/src/universe/autoware.universe/build/component_interface_specs/CMakeFiles/CMakeOutput.log".
[2.512s] Invoked command in '/home/mlabszw/autoware_with_caret/src/universe/autoware.universe/build/component_interface_specs' returned '1': CMAKE_PREFIX_PATH=${CMAKE_PREFIX_PATH}:/home/mlabszw/ros2_caret_ws/install/tracetools_test:/home/mlabszw/ros2_caret_ws/install/tracetools_launch:/home/mlabszw/ros2_caret_ws/install/ros2trace:/home/mlabszw/ros2_caret_ws/install/ros2caret:/home/mlabszw/ros2_caret_ws/install/tracetools_trace:/home/mlabszw/ros2_caret_ws/install/tracetools_read:/home/mlabszw/ros2_caret_ws/install/test_tracetools_launch:/home/mlabszw/ros2_caret_ws/install/caret_analyze:/opt/ros/humble /usr/bin/cmake /home/mlabszw/autoware_with_caret/src/universe/autoware.universe/common/component_interface_specs -DCMAKE_BUILD_TYPE=Release -DBUILD_TESTING=Off -DCMAKE_CXX_FLAGS=-w -DAMENT_CMAKE_SYMLINK_INSTALL=1 -DCMAKE_INSTALL_PREFIX=/home/mlabszw/autoware_with_caret/src/universe/autoware.universe/install/component_interface_specs
