[0.773s] Invoking command in '/home/mlabszw/autoware_with_caret/src/universe/autoware.universe/build/signal_processing': CMAKE_PREFIX_PATH=${CMAKE_PREFIX_PATH}:/home/mlabszw/ros2_caret_ws/install/tracetools_test:/home/mlabszw/ros2_caret_ws/install/tracetools_launch:/home/mlabszw/ros2_caret_ws/install/ros2trace:/home/mlabszw/ros2_caret_ws/install/ros2caret:/home/mlabszw/ros2_caret_ws/install/tracetools_trace:/home/mlabszw/ros2_caret_ws/install/tracetools_read:/home/mlabszw/ros2_caret_ws/install/test_tracetools_launch:/home/mlabszw/ros2_caret_ws/install/caret_analyze:/opt/ros/humble /usr/bin/cmake /home/mlabszw/autoware_with_caret/src/universe/autoware.universe/common/signal_processing -DCMAKE_BUILD_TYPE=Release -DBUILD_TESTING=Off -DCMAKE_CXX_FLAGS=-w -DAMENT_CMAKE_SYMLINK_INSTALL=1 -DCMAKE_INSTALL_PREFIX=/home/mlabszw/autoware_with_caret/src/universe/autoware.universe/install/signal_processing
[1.339s] -- The C compiler identification is GNU 11.4.0
[1.609s] -- The CXX compiler identification is GNU 11.4.0
[1.635s] -- Detecting C compiler ABI info
[1.884s] -- Detecting C compiler ABI info - done
[1.895s] -- Check for working C compiler: /usr/bin/cc - skipped
[1.895s] -- Detecting C compile features
[1.909s] -- Detecting C compile features - done
[1.915s] -- Detecting CXX compiler ABI info
[2.026s] -- Detecting CXX compiler ABI info - done
[2.036s] -- Check for working CXX compiler: /usr/bin/c++ - skipped
[2.036s] -- Detecting CXX compile features
[2.037s] -- Detecting CXX compile features - done
[2.182s] -- Configuring incomplete, errors occurred!
[2.182s] See also "/home/mlabszw/autoware_with_caret/src/universe/autoware.universe/build/signal_processing/CMakeFiles/CMakeOutput.log".
[2.182s] [31mCMake Error at CMakeLists.txt:4 (find_package):
[2.182s]   By not providing "Findautoware_cmake.cmake" in CMAKE_MODULE_PATH this
[2.182s]   project has asked CMake to find a package configuration file provided by
[2.182s]   "autoware_cmake", but CMake did not find one.
[2.183s] 
[2.183s]   Could not find a package configuration file provided by "autoware_cmake"
[2.183s]   with any of the following names:
[2.183s] 
[2.183s]     autoware_cmakeConfig.cmake
[2.184s]     autoware_cmake-config.cmake
[2.184s] 
[2.184s]   Add the installation prefix of "autoware_cmake" to CMAKE_PREFIX_PATH or set
[2.184s]   "autoware_cmake_DIR" to a directory containing one of the above files.  If
[2.184s]   "autoware_cmake" provides a separate development package or SDK, be sure it
[2.184s]   has been installed.
[2.184s] 
[2.184s] [0m
[2.216s] Invoked command in '/home/mlabszw/autoware_with_caret/src/universe/autoware.universe/build/signal_processing' returned '1': CMAKE_PREFIX_PATH=${CMAKE_PREFIX_PATH}:/home/mlabszw/ros2_caret_ws/install/tracetools_test:/home/mlabszw/ros2_caret_ws/install/tracetools_launch:/home/mlabszw/ros2_caret_ws/install/ros2trace:/home/mlabszw/ros2_caret_ws/install/ros2caret:/home/mlabszw/ros2_caret_ws/install/tracetools_trace:/home/mlabszw/ros2_caret_ws/install/tracetools_read:/home/mlabszw/ros2_caret_ws/install/test_tracetools_launch:/home/mlabszw/ros2_caret_ws/install/caret_analyze:/opt/ros/humble /usr/bin/cmake /home/mlabszw/autoware_with_caret/src/universe/autoware.universe/common/signal_processing -DCMAKE_BUILD_TYPE=Release -DBUILD_TESTING=Off -DCMAKE_CXX_FLAGS=-w -DAMENT_CMAKE_SYMLINK_INSTALL=1 -DCMAKE_INSTALL_PREFIX=/home/mlabszw/autoware_with_caret/src/universe/autoware.universe/install/signal_processing
