[0.918s] Invoking command in '/home/mlabszw/autoware_with_caret/src/universe/autoware.universe/build/osqp_interface': CMAKE_PREFIX_PATH=${CMAKE_PREFIX_PATH}:/home/mlabszw/ros2_caret_ws/install/tracetools_test:/home/mlabszw/ros2_caret_ws/install/tracetools_launch:/home/mlabszw/ros2_caret_ws/install/ros2trace:/home/mlabszw/ros2_caret_ws/install/ros2caret:/home/mlabszw/ros2_caret_ws/install/tracetools_trace:/home/mlabszw/ros2_caret_ws/install/tracetools_read:/home/mlabszw/ros2_caret_ws/install/test_tracetools_launch:/home/mlabszw/ros2_caret_ws/install/caret_analyze:/opt/ros/humble /usr/bin/cmake /home/mlabszw/autoware_with_caret/src/universe/autoware.universe/common/osqp_interface -DCMAKE_BUILD_TYPE=Release -DBUILD_TESTING=Off -DCMAKE_CXX_FLAGS=-w -DAMENT_CMAKE_SYMLINK_INSTALL=1 -DCMAKE_INSTALL_PREFIX=/home/mlabszw/autoware_with_caret/src/universe/autoware.universe/install/osqp_interface
[1.484s] -- The C compiler identification is GNU 11.4.0
[1.756s] -- The CXX compiler identification is GNU 11.4.0
[1.784s] -- Detecting C compiler ABI info
[2.029s] -- Detecting C compiler ABI info - done
[2.040s] -- Check for working C compiler: /usr/bin/cc - skipped
[2.040s] -- Detecting C compile features
[2.059s] -- Detecting C compile features - done
[2.061s] -- Detecting CXX compiler ABI info
[2.176s] -- Detecting CXX compiler ABI info - done
[2.188s] -- Check for working CXX compiler: /usr/bin/c++ - skipped
[2.188s] -- Detecting CXX compile features
[2.189s] -- Detecting CXX compile features - done
[2.326s] [31mCMake Error at CMakeLists.txt:4 (find_package):
[2.326s]   By not providing "Findautoware_cmake.cmake" in CMAKE_MODULE_PATH this
[2.326s]   project has asked CMake to find a package configuration file provided by
[2.326s]   "autoware_cmake", but CMake did not find one.
[2.326s] 
[2.326s]   Could not find a package configuration file provided by "autoware_cmake"
[2.326s]   with any of the following names:
[2.326s] 
[2.327s]     autoware_cmakeConfig.cmake
[2.327s]     autoware_cmake-config.cmake
[2.327s] 
[2.327s]   Add the installation prefix of "autoware_cmake" to CMAKE_PREFIX_PATH or set
[2.327s]   "autoware_cmake_DIR" to a directory containing one of the above files.  If
[2.327s]   "autoware_cmake" provides a separate development package or SDK, be sure it
[2.327s]   has been installed.
[2.327s] 
[2.327s] [0m
[2.327s] -- Configuring incomplete, errors occurred!
[2.327s] See also "/home/mlabszw/autoware_with_caret/src/universe/autoware.universe/build/osqp_interface/CMakeFiles/CMakeOutput.log".
[2.359s] Invoked command in '/home/mlabszw/autoware_with_caret/src/universe/autoware.universe/build/osqp_interface' returned '1': CMAKE_PREFIX_PATH=${CMAKE_PREFIX_PATH}:/home/mlabszw/ros2_caret_ws/install/tracetools_test:/home/mlabszw/ros2_caret_ws/install/tracetools_launch:/home/mlabszw/ros2_caret_ws/install/ros2trace:/home/mlabszw/ros2_caret_ws/install/ros2caret:/home/mlabszw/ros2_caret_ws/install/tracetools_trace:/home/mlabszw/ros2_caret_ws/install/tracetools_read:/home/mlabszw/ros2_caret_ws/install/test_tracetools_launch:/home/mlabszw/ros2_caret_ws/install/caret_analyze:/opt/ros/humble /usr/bin/cmake /home/mlabszw/autoware_with_caret/src/universe/autoware.universe/common/osqp_interface -DCMAKE_BUILD_TYPE=Release -DBUILD_TESTING=Off -DCMAKE_CXX_FLAGS=-w -DAMENT_CMAKE_SYMLINK_INSTALL=1 -DCMAKE_INSTALL_PREFIX=/home/mlabszw/autoware_with_caret/src/universe/autoware.universe/install/osqp_interface
